<html>
<head>
<title>TestNG:  Default test</title>
<link href="../testng.css" rel="stylesheet" type="text/css" />
<link href="../my-testng.css" rel="stylesheet" type="text/css" />

<style type="text/css">
.log { display: none;} 
.stack-trace { display: none;} 
</style>
<script type="text/javascript">
<!--
function flip(e) {
  current = e.style.display;
  if (current == 'block') {
    e.style.display = 'none';
    return 0;
  }
  else {
    e.style.display = 'block';
    return 1;
  }
}

function toggleBox(szDivId, elem, msg1, msg2)
{
  var res = -1;  if (document.getElementById) {
    res = flip(document.getElementById(szDivId));
  }
  else if (document.all) {
    // this is the way old msie versions work
    res = flip(document.all[szDivId]);
  }
  if(elem) {
    if(res == 0) elem.innerHTML = msg1; else elem.innerHTML = msg2;
  }

}

function toggleAllBoxes() {
  if (document.getElementsByTagName) {
    d = document.getElementsByTagName('div');
    for (i = 0; i < d.length; i++) {
      if (d[i].className == 'log') {
        flip(d[i]);
      }
    }
  }
}

// -->
</script>

</head>
<body>
<h2 align='center'>Default test</h2><table border='1' align="center">
<tr>
<td>Tests passed/Failed/Skipped:</td><td>16/2/0</td>
</tr><tr>
<td>Started on:</td><td>Wed Oct 16 00:32:09 IST 2024</td>
</tr>
<tr><td>Total time:</td><td>207 seconds (207323 ms)</td>
</tr><tr>
<td>Included groups:</td><td></td>
</tr><tr>
<td>Excluded groups:</td><td></td>
</tr>
</table><p/>
<small><i>(Hover the method name to see the test class name)</i></small><p/>
<table width='100%' border='1' class='invocation-failed'>
<tr><td colspan='4' align='center'><b>FAILED TESTS</b></td></tr>
<tr><td><b>Test method</b></td>
<td><b>Attribute(s)</b></td>
<td width="30%"><b>Exception</b></td>
<td width="10%"><b>Time (seconds)</b></td>
<td><b>Instance</b></td>
</tr>
<tr>
<td title='Amity.Online2.Module2_FunctionalTesting.MasterofComputerApplications()'><b>MasterofComputerApplications</b><br>Test class: Amity.Online2.Module2_FunctionalTesting</td>
<td><div><pre>java.lang.AssertionError: Unexpected error occurred: no such element: Unable to locate element: {&quot;method&quot;:&quot;xpath&quot;,&quot;selector&quot;:&quot;//a[normalize-space()=&apos;Master of Computer Application&apos;]&quot;}
  (Session info: chrome=129.0.6668.101)
For documentation on this error, please visit: https://selenium.dev/exceptions/#no_such_element
Build info: version: &apos;4.8.3&apos;, revision: &apos;e5e76298c3&apos;
System info: os.name: &apos;Windows 11&apos;, os.arch: &apos;amd64&apos;, os.version: &apos;10.0&apos;, java.version: &apos;22.0.1&apos;
Driver info: org.openqa.selenium.chrome.ChromeDriver
Command: [1a69efe589f969c04531cc7b0ef80f0c, findElement {using=xpath, value=//a[normalize-space()=&apos;Master of Computer Application&apos;]}]
Capabilities {acceptInsecureCerts: false, browserName: chrome, browserVersion: 129.0.6668.101, chrome: {chromedriverVersion: 129.0.6668.100 (cf58cba358d..., userDataDir: C:\Users\admin\AppData\Loca...}, fedcm:accounts: true, goog:chromeOptions: {debuggerAddress: localhost:59282}, networkConnectionEnabled: false, pageLoadStrategy: normal, platformName: WINDOWS, proxy: Proxy(), se:cdp: ws://localhost:59282/devtoo..., se:cdpVersion: 129.0.6668.101, setWindowRect: true, strictFileInteractability: false, timeouts: {implicit: 0, pageLoad: 300000, script: 30000}, unhandledPromptBehavior: dismiss and notify, webauthn:extension:credBlob: true, webauthn:extension:largeBlob: true, webauthn:extension:minPinLength: true, webauthn:extension:prf: true, webauthn:virtualAuthenticators: true}
Session ID: 1a69efe589f969c04531cc7b0ef80f0c
	at org.testng.Assert.fail(Assert.java:111)
	at Amity.Online2.Module2_FunctionalTesting.MasterofComputerApplications(Module2_FunctionalTesting.java:184)
	at java.base/jdk.internal.reflect.DirectMethodHandleAccessor.invoke(DirectMethodHandleAccessor.java:103)
	at java.base/java.lang.reflect.Method.invoke(Method.java:580)
	at org.testng.internal.invokers.MethodInvocationHelper.invokeMethod(MethodInvocationHelper.java:139)
	at org.testng.internal.invokers.TestInvoker.invokeMethod(TestInvoker.java:664)
	at org.testng.internal.invokers.TestInvoker.invokeTestMethod(TestInvoker.java:228)
	at org.testng.internal.invokers.MethodRunner.runInSequence(MethodRunner.java:63)
	at org.testng.internal.invokers.TestInvoker$MethodInvocationAgent.invoke(TestInvoker.java:961)
	at org.testng.internal.invokers.TestInvoker.invokeTestMethods(TestInvoker.java:201)
	at org.testng.internal.invokers.TestMethodWorker.invokeTestMethods(TestMethodWorker.java:148)
	at org.testng.internal.invokers.TestMethodWorker.run(TestMethodWorker.java:128)
	at java.base/java.util.ArrayList.forEach(ArrayList.java:1597)
	at org.testng.TestRunner.privateRun(TestRunner.java:819)
	at org.testng.TestRunner.run(TestRunner.java:619)
	at org.testng.SuiteRunner.runTest(SuiteRunner.java:443)
	at org.testng.SuiteRunner.runSequentially(SuiteRunner.java:437)
	at org.testng.SuiteRunner.privateRun(SuiteRunner.java:397)
	at org.testng.SuiteRunner.run(SuiteRunner.java:336)
	at org.testng.SuiteRunnerWorker.runSuite(SuiteRunnerWorker.java:52)
	at org.testng.SuiteRunnerWorker.run(SuiteRunnerWorker.java:95)
	at org.testng.TestNG.runSuitesSequentially(TestNG.java:1301)
	at org.testng.TestNG.runSuitesLocally(TestNG.java:1228)
	at org.testng.TestNG.runSuites(TestNG.java:1134)
	at org.testng.TestNG.run(TestNG.java:1101)
	at org.testng.remote.AbstractRemoteTestNG.run(AbstractRemoteTestNG.java:115)
	at org.testng.remote.RemoteTestNG.initAndRun(RemoteTestNG.java:293)
	at org.testng.remote.RemoteTestNG.main(RemoteTestNG.java:91)
</pre></div><a href='#' onClick='toggleBox("stack-trace1229754153", this, "Click to show all stack frames", "Click to hide stack frames")'>Click to show all stack frames</a>
<div class='stack-trace' id='stack-trace1229754153'><pre>java.lang.AssertionError: Unexpected error occurred: no such element: Unable to locate element: {&quot;method&quot;:&quot;xpath&quot;,&quot;selector&quot;:&quot;//a[normalize-space()=&apos;Master of Computer Application&apos;]&quot;}
  (Session info: chrome=129.0.6668.101)
For documentation on this error, please visit: https://selenium.dev/exceptions/#no_such_element
Build info: version: &apos;4.8.3&apos;, revision: &apos;e5e76298c3&apos;
System info: os.name: &apos;Windows 11&apos;, os.arch: &apos;amd64&apos;, os.version: &apos;10.0&apos;, java.version: &apos;22.0.1&apos;
Driver info: org.openqa.selenium.chrome.ChromeDriver
Command: [1a69efe589f969c04531cc7b0ef80f0c, findElement {using=xpath, value=//a[normalize-space()=&apos;Master of Computer Application&apos;]}]
Capabilities {acceptInsecureCerts: false, browserName: chrome, browserVersion: 129.0.6668.101, chrome: {chromedriverVersion: 129.0.6668.100 (cf58cba358d..., userDataDir: C:\Users\admin\AppData\Loca...}, fedcm:accounts: true, goog:chromeOptions: {debuggerAddress: localhost:59282}, networkConnectionEnabled: false, pageLoadStrategy: normal, platformName: WINDOWS, proxy: Proxy(), se:cdp: ws://localhost:59282/devtoo..., se:cdpVersion: 129.0.6668.101, setWindowRect: true, strictFileInteractability: false, timeouts: {implicit: 0, pageLoad: 300000, script: 30000}, unhandledPromptBehavior: dismiss and notify, webauthn:extension:credBlob: true, webauthn:extension:largeBlob: true, webauthn:extension:minPinLength: true, webauthn:extension:prf: true, webauthn:virtualAuthenticators: true}
Session ID: 1a69efe589f969c04531cc7b0ef80f0c
	at org.testng.Assert.fail(Assert.java:111)
	at Amity.Online2.Module2_FunctionalTesting.MasterofComputerApplications(Module2_FunctionalTesting.java:184)
	at java.base/jdk.internal.reflect.DirectMethodHandleAccessor.invoke(DirectMethodHandleAccessor.java:103)
	at java.base/java.lang.reflect.Method.invoke(Method.java:580)
	at org.testng.internal.invokers.MethodInvocationHelper.invokeMethod(MethodInvocationHelper.java:139)
	at org.testng.internal.invokers.TestInvoker.invokeMethod(TestInvoker.java:664)
	at org.testng.internal.invokers.TestInvoker.invokeTestMethod(TestInvoker.java:228)
	at org.testng.internal.invokers.MethodRunner.runInSequence(MethodRunner.java:63)
	at org.testng.internal.invokers.TestInvoker$MethodInvocationAgent.invoke(TestInvoker.java:961)
	at org.testng.internal.invokers.TestInvoker.invokeTestMethods(TestInvoker.java:201)
	at org.testng.internal.invokers.TestMethodWorker.invokeTestMethods(TestMethodWorker.java:148)
	at org.testng.internal.invokers.TestMethodWorker.run(TestMethodWorker.java:128)
	at java.base/java.util.ArrayList.forEach(ArrayList.java:1597)
	at org.testng.TestRunner.privateRun(TestRunner.java:819)
	at org.testng.TestRunner.run(TestRunner.java:619)
	at org.testng.SuiteRunner.runTest(SuiteRunner.java:443)
	at org.testng.SuiteRunner.runSequentially(SuiteRunner.java:437)
	at org.testng.SuiteRunner.privateRun(SuiteRunner.java:397)
	at org.testng.SuiteRunner.run(SuiteRunner.java:336)
	at org.testng.SuiteRunnerWorker.runSuite(SuiteRunnerWorker.java:52)
	at org.testng.SuiteRunnerWorker.run(SuiteRunnerWorker.java:95)
	at org.testng.TestNG.runSuitesSequentially(TestNG.java:1301)
	at org.testng.TestNG.runSuitesLocally(TestNG.java:1228)
	at org.testng.TestNG.runSuites(TestNG.java:1134)
	at org.testng.TestNG.run(TestNG.java:1101)
	at org.testng.remote.AbstractRemoteTestNG.run(AbstractRemoteTestNG.java:115)
	at org.testng.remote.RemoteTestNG.initAndRun(RemoteTestNG.java:293)
	at org.testng.remote.RemoteTestNG.main(RemoteTestNG.java:91)
</pre></div></td>
<td>0</td>
<td>Amity.Online2.Module2_FunctionalTesting@126253fd</td></tr>
<tr>
<td title='Amity.Online2.Module2_FunctionalTesting.MCAwithspecializationinBlockchain()'><b>MCAwithspecializationinBlockchain</b><br>Test class: Amity.Online2.Module2_FunctionalTesting</td>
<td><div><pre>java.lang.AssertionError: Unexpected error occurred: no such element: Unable to locate element: {&quot;method&quot;:&quot;xpath&quot;,&quot;selector&quot;:&quot;//a[normalize-space()=&apos;MCA with specialization in Blockchai&apos;]&quot;}
  (Session info: chrome=129.0.6668.101)
For documentation on this error, please visit: https://selenium.dev/exceptions/#no_such_element
Build info: version: &apos;4.8.3&apos;, revision: &apos;e5e76298c3&apos;
System info: os.name: &apos;Windows 11&apos;, os.arch: &apos;amd64&apos;, os.version: &apos;10.0&apos;, java.version: &apos;22.0.1&apos;
Driver info: org.openqa.selenium.chrome.ChromeDriver
Command: [c9c1e34cea704f5ae360de05c04f9719, findElement {using=xpath, value=//a[normalize-space()=&apos;MCA with specialization in Blockchai&apos;]}]
Capabilities {acceptInsecureCerts: false, browserName: chrome, browserVersion: 129.0.6668.101, chrome: {chromedriverVersion: 129.0.6668.100 (cf58cba358d..., userDataDir: C:\Users\admin\AppData\Loca...}, fedcm:accounts: true, goog:chromeOptions: {debuggerAddress: localhost:59307}, networkConnectionEnabled: false, pageLoadStrategy: normal, platformName: WINDOWS, proxy: Proxy(), se:cdp: ws://localhost:59307/devtoo..., se:cdpVersion: 129.0.6668.101, setWindowRect: true, strictFileInteractability: false, timeouts: {implicit: 0, pageLoad: 300000, script: 30000}, unhandledPromptBehavior: dismiss and notify, webauthn:extension:credBlob: true, webauthn:extension:largeBlob: true, webauthn:extension:minPinLength: true, webauthn:extension:prf: true, webauthn:virtualAuthenticators: true}
Session ID: c9c1e34cea704f5ae360de05c04f9719
	at org.testng.Assert.fail(Assert.java:111)
	at Amity.Online2.Module2_FunctionalTesting.MCAwithspecializationinBlockchain(Module2_FunctionalTesting.java:226)
	at java.base/jdk.internal.reflect.DirectMethodHandleAccessor.invoke(DirectMethodHandleAccessor.java:103)
	at java.base/java.lang.reflect.Method.invoke(Method.java:580)
	at org.testng.internal.invokers.MethodInvocationHelper.invokeMethod(MethodInvocationHelper.java:139)
	at org.testng.internal.invokers.TestInvoker.invokeMethod(TestInvoker.java:664)
	at org.testng.internal.invokers.TestInvoker.invokeTestMethod(TestInvoker.java:228)
	at org.testng.internal.invokers.MethodRunner.runInSequence(MethodRunner.java:63)
	at org.testng.internal.invokers.TestInvoker$MethodInvocationAgent.invoke(TestInvoker.java:961)
	at org.testng.internal.invokers.TestInvoker.invokeTestMethods(TestInvoker.java:201)
	at org.testng.internal.invokers.TestMethodWorker.invokeTestMethods(TestMethodWorker.java:148)
	at org.testng.internal.invokers.TestMethodWorker.run(TestMethodWorker.java:128)
	at java.base/java.util.ArrayList.forEach(ArrayList.java:1597)
	at org.testng.TestRunner.privateRun(TestRunner.java:819)
	at org.testng.TestRunner.run(TestRunner.java:619)
	at org.testng.SuiteRunner.runTest(SuiteRunner.java:443)
	at org.testng.SuiteRunner.runSequentially(SuiteRunner.java:437)
	at org.testng.SuiteRunner.privateRun(SuiteRunner.java:397)
	at org.testng.SuiteRunner.run(SuiteRunner.java:336)
	at org.testng.SuiteRunnerWorker.runSuite(SuiteRunnerWorker.java:52)
	at org.testng.SuiteRunnerWorker.run(SuiteRunnerWorker.java:95)
	at org.testng.TestNG.runSuitesSequentially(TestNG.java:1301)
	at org.testng.TestNG.runSuitesLocally(TestNG.java:1228)
	at org.testng.TestNG.runSuites(TestNG.java:1134)
	at org.testng.TestNG.run(TestNG.java:1101)
	at org.testng.remote.AbstractRemoteTestNG.run(AbstractRemoteTestNG.java:115)
	at org.testng.remote.RemoteTestNG.initAndRun(RemoteTestNG.java:293)
	at org.testng.remote.RemoteTestNG.main(RemoteTestNG.java:91)
</pre></div><a href='#' onClick='toggleBox("stack-trace788344609", this, "Click to show all stack frames", "Click to hide stack frames")'>Click to show all stack frames</a>
<div class='stack-trace' id='stack-trace788344609'><pre>java.lang.AssertionError: Unexpected error occurred: no such element: Unable to locate element: {&quot;method&quot;:&quot;xpath&quot;,&quot;selector&quot;:&quot;//a[normalize-space()=&apos;MCA with specialization in Blockchai&apos;]&quot;}
  (Session info: chrome=129.0.6668.101)
For documentation on this error, please visit: https://selenium.dev/exceptions/#no_such_element
Build info: version: &apos;4.8.3&apos;, revision: &apos;e5e76298c3&apos;
System info: os.name: &apos;Windows 11&apos;, os.arch: &apos;amd64&apos;, os.version: &apos;10.0&apos;, java.version: &apos;22.0.1&apos;
Driver info: org.openqa.selenium.chrome.ChromeDriver
Command: [c9c1e34cea704f5ae360de05c04f9719, findElement {using=xpath, value=//a[normalize-space()=&apos;MCA with specialization in Blockchai&apos;]}]
Capabilities {acceptInsecureCerts: false, browserName: chrome, browserVersion: 129.0.6668.101, chrome: {chromedriverVersion: 129.0.6668.100 (cf58cba358d..., userDataDir: C:\Users\admin\AppData\Loca...}, fedcm:accounts: true, goog:chromeOptions: {debuggerAddress: localhost:59307}, networkConnectionEnabled: false, pageLoadStrategy: normal, platformName: WINDOWS, proxy: Proxy(), se:cdp: ws://localhost:59307/devtoo..., se:cdpVersion: 129.0.6668.101, setWindowRect: true, strictFileInteractability: false, timeouts: {implicit: 0, pageLoad: 300000, script: 30000}, unhandledPromptBehavior: dismiss and notify, webauthn:extension:credBlob: true, webauthn:extension:largeBlob: true, webauthn:extension:minPinLength: true, webauthn:extension:prf: true, webauthn:virtualAuthenticators: true}
Session ID: c9c1e34cea704f5ae360de05c04f9719
	at org.testng.Assert.fail(Assert.java:111)
	at Amity.Online2.Module2_FunctionalTesting.MCAwithspecializationinBlockchain(Module2_FunctionalTesting.java:226)
	at java.base/jdk.internal.reflect.DirectMethodHandleAccessor.invoke(DirectMethodHandleAccessor.java:103)
	at java.base/java.lang.reflect.Method.invoke(Method.java:580)
	at org.testng.internal.invokers.MethodInvocationHelper.invokeMethod(MethodInvocationHelper.java:139)
	at org.testng.internal.invokers.TestInvoker.invokeMethod(TestInvoker.java:664)
	at org.testng.internal.invokers.TestInvoker.invokeTestMethod(TestInvoker.java:228)
	at org.testng.internal.invokers.MethodRunner.runInSequence(MethodRunner.java:63)
	at org.testng.internal.invokers.TestInvoker$MethodInvocationAgent.invoke(TestInvoker.java:961)
	at org.testng.internal.invokers.TestInvoker.invokeTestMethods(TestInvoker.java:201)
	at org.testng.internal.invokers.TestMethodWorker.invokeTestMethods(TestMethodWorker.java:148)
	at org.testng.internal.invokers.TestMethodWorker.run(TestMethodWorker.java:128)
	at java.base/java.util.ArrayList.forEach(ArrayList.java:1597)
	at org.testng.TestRunner.privateRun(TestRunner.java:819)
	at org.testng.TestRunner.run(TestRunner.java:619)
	at org.testng.SuiteRunner.runTest(SuiteRunner.java:443)
	at org.testng.SuiteRunner.runSequentially(SuiteRunner.java:437)
	at org.testng.SuiteRunner.privateRun(SuiteRunner.java:397)
	at org.testng.SuiteRunner.run(SuiteRunner.java:336)
	at org.testng.SuiteRunnerWorker.runSuite(SuiteRunnerWorker.java:52)
	at org.testng.SuiteRunnerWorker.run(SuiteRunnerWorker.java:95)
	at org.testng.TestNG.runSuitesSequentially(TestNG.java:1301)
	at org.testng.TestNG.runSuitesLocally(TestNG.java:1228)
	at org.testng.TestNG.runSuites(TestNG.java:1134)
	at org.testng.TestNG.run(TestNG.java:1101)
	at org.testng.remote.AbstractRemoteTestNG.run(AbstractRemoteTestNG.java:115)
	at org.testng.remote.RemoteTestNG.initAndRun(RemoteTestNG.java:293)
	at org.testng.remote.RemoteTestNG.main(RemoteTestNG.java:91)
</pre></div></td>
<td>0</td>
<td>Amity.Online2.Module2_FunctionalTesting@126253fd</td></tr>
</table><p>
<table width='100%' border='1' class='invocation-passed'>
<tr><td colspan='4' align='center'><b>PASSED TESTS</b></td></tr>
<tr><td><b>Test method</b></td>
<td><b>Attribute(s)</b></td>
<td width="30%"><b>Exception</b></td>
<td width="10%"><b>Time (seconds)</b></td>
<td><b>Instance</b></td>
</tr>
<tr>
<td title='Amity.Online2.Module2_FunctionalTesting.MBAwithspecializationinDigitalMarketingManagement()'><b>MBAwithspecializationinDigitalMarketingManagement</b><br>Test class: Amity.Online2.Module2_FunctionalTesting</td>
<td></td>
<td>8</td>
<td>Amity.Online2.Module2_FunctionalTesting@126253fd</td></tr>
<tr>
<td title='Amity.Online2.Module2_FunctionalTesting.MasterofArtsJournalismandMasscommunication()'><b>MasterofArtsJournalismandMasscommunication</b><br>Test class: Amity.Online2.Module2_FunctionalTesting</td>
<td></td>
<td>6</td>
<td>Amity.Online2.Module2_FunctionalTesting@126253fd</td></tr>
<tr>
<td title='Amity.Online2.Module2_FunctionalTesting.MComwithspecializationinFintech()'><b>MComwithspecializationinFintech</b><br>Test class: Amity.Online2.Module2_FunctionalTesting</td>
<td></td>
<td>8</td>
<td>Amity.Online2.Module2_FunctionalTesting@126253fd</td></tr>
<tr>
<td title='Amity.Online2.Module2_FunctionalTesting.MasterofArtsinPublicPolicyandGovernance()'><b>MasterofArtsinPublicPolicyandGovernance</b><br>Test class: Amity.Online2.Module2_FunctionalTesting</td>
<td></td>
<td>5</td>
<td>Amity.Online2.Module2_FunctionalTesting@126253fd</td></tr>
<tr>
<td title='Amity.Online2.Module2_FunctionalTesting.MasterofArtsinPsychology()'><b>MasterofArtsinPsychology</b><br>Test class: Amity.Online2.Module2_FunctionalTesting</td>
<td></td>
<td>5</td>
<td>Amity.Online2.Module2_FunctionalTesting@126253fd</td></tr>
<tr>
<td title='Amity.Online2.Module2_FunctionalTesting.MCAwithspecializationinMLandAl()'><b>MCAwithspecializationinMLandAl</b><br>Test class: Amity.Online2.Module2_FunctionalTesting</td>
<td></td>
<td>6</td>
<td>Amity.Online2.Module2_FunctionalTesting@126253fd</td></tr>
<tr>
<td title='Amity.Online2.Module2_FunctionalTesting.MBAwithspecializationinDataScience()'><b>MBAwithspecializationinDataScience</b><br>Test class: Amity.Online2.Module2_FunctionalTesting</td>
<td></td>
<td>4</td>
<td>Amity.Online2.Module2_FunctionalTesting@126253fd</td></tr>
<tr>
<td title='Amity.Online2.Module2_FunctionalTesting.MComwithspecializationinFinancialManagement()'><b>MComwithspecializationinFinancialManagement</b><br>Test class: Amity.Online2.Module2_FunctionalTesting</td>
<td></td>
<td>8</td>
<td>Amity.Online2.Module2_FunctionalTesting@126253fd</td></tr>
<tr>
<td title='Amity.Online2.Module2_FunctionalTesting.PrintprogramsList()'><b>PrintprogramsList</b><br>Test class: Amity.Online2.Module2_FunctionalTesting</td>
<td></td>
<td>6</td>
<td>Amity.Online2.Module2_FunctionalTesting@126253fd</td></tr>
<tr>
<td title='Amity.Online2.Module2_FunctionalTesting.MBAwithspecializationinDigitalEntrepreneurship()'><b>MBAwithspecializationinDigitalEntrepreneurship</b><br>Test class: Amity.Online2.Module2_FunctionalTesting</td>
<td></td>
<td>8</td>
<td>Amity.Online2.Module2_FunctionalTesting@126253fd</td></tr>
<tr>
<td title='Amity.Online2.Module2_FunctionalTesting.MCAwithspecializationinMachineLearning()'><b>MCAwithspecializationinMachineLearning</b><br>Test class: Amity.Online2.Module2_FunctionalTesting</td>
<td></td>
<td>8</td>
<td>Amity.Online2.Module2_FunctionalTesting@126253fd</td></tr>
<tr>
<td title='Amity.Online2.Module2_FunctionalTesting.MCAwithspecializationinARandVR()'><b>MCAwithspecializationinARandVR</b><br>Test class: Amity.Online2.Module2_FunctionalTesting</td>
<td></td>
<td>8</td>
<td>Amity.Online2.Module2_FunctionalTesting@126253fd</td></tr>
<tr>
<td title='Amity.Online2.Module2_FunctionalTesting.MBAwithspecializationinHRAnalytics()'><b>MBAwithspecializationinHRAnalytics</b><br>Test class: Amity.Online2.Module2_FunctionalTesting</td>
<td></td>
<td>4</td>
<td>Amity.Online2.Module2_FunctionalTesting@126253fd</td></tr>
<tr>
<td title='Amity.Online2.Module2_FunctionalTesting.MBAwithspecializationinBusinessAnalytics()'><b>MBAwithspecializationinBusinessAnalytics</b><br>Test class: Amity.Online2.Module2_FunctionalTesting</td>
<td></td>
<td>9</td>
<td>Amity.Online2.Module2_FunctionalTesting@126253fd</td></tr>
<tr>
<td title='Amity.Online2.Module2_FunctionalTesting.MasterofBusinessAdministration()'><b>MasterofBusinessAdministration</b><br>Test class: Amity.Online2.Module2_FunctionalTesting</td>
<td></td>
<td>4</td>
<td>Amity.Online2.Module2_FunctionalTesting@126253fd</td></tr>
<tr>
<td title='Amity.Online2.Module2_FunctionalTesting.MasterofScienceinDataScience()'><b>MasterofScienceinDataScience</b><br>Test class: Amity.Online2.Module2_FunctionalTesting</td>
<td></td>
<td>5</td>
<td>Amity.Online2.Module2_FunctionalTesting@126253fd</td></tr>
</table><p>
</body>
</html>