<!DOCTYPE html PUBLIC "-//W3C//DTD XHTML 1.1//EN" "https://www.w3.org/TR/xhtml11/DTD/xhtml11.dtd">
<html xmlns="https://www.w3.org/1999/xhtml">
<head>
<meta http-equiv="content-type" content="text/html; charset=UTF-8"/>
<title>TestNG Report</title>
<style type="text/css">table {margin-bottom:10px;border-collapse:collapse;empty-cells:show}th,td {border:1px solid #009;padding:.25em .5em}th {vertical-align:bottom}td {vertical-align:top}table a {font-weight:bold}.stripe td {background-color: #E6EBF9}.num {text-align:right}.passedodd td {background-color: #3F3}.passedeven td {background-color: #0A0}.skippedodd td {background-color: #DDD}.skippedeven td {background-color: #CCC}.failedodd td,.attn {background-color: #F33}.failedeven td,.stripe .attn {background-color: #D00}.stacktrace {white-space:pre;font-family:monospace}.totop {font-size:85%;text-align:center;border-bottom:2px solid #000}.invisible {display:none}</style>
</head>
<body>
<table>
<tr><th>Test</th><th># Passed</th><th># Skipped</th><th># Retried</th><th># Failed</th><th>Time (ms)</th><th>Included Groups</th><th>Excluded Groups</th></tr>
<tr><th colspan="8">Default suite</th></tr>
<tr><td><a href="#t0">Default test</a></td><td class="num">16</td><td class="num">0</td><td class="num">0</td><td class="num attn">2</td><td class="num">134,596</td><td></td><td></td></tr>
</table>
<table id='summary'><thead><tr><th>Class</th><th>Method</th><th>Start</th><th>Time (ms)</th></tr></thead><tbody><tr><th colspan="4">Default suite</th></tr></tbody><tbody id="t0"><tr><th colspan="4">Default test &#8212; failed</th></tr><tr class="failedeven"><td rowspan="2">Amity.Online2.Module2_FunctionalTesting</td><td><a href="#m0">MCAwithspecializationinBlockchain</a></td><td rowspan="1">1728996347661</td><td rowspan="1">330</td></tr><tr class="failedeven"><td><a href="#m1">MasterofComputerApplications</a></td><td rowspan="1">1728996340811</td><td rowspan="1">3664</td></tr><tr><th colspan="4">Default test &#8212; passed</th></tr><tr class="passedeven"><td rowspan="16">Amity.Online2.Module2_FunctionalTesting</td><td><a href="#m2">MBAwithspecializationinBusinessAnalytics</a></td><td rowspan="1">1728996400767</td><td rowspan="1">7446</td></tr><tr class="passedeven"><td><a href="#m3">MBAwithspecializationinDataScience</a></td><td rowspan="1">1728996394414</td><td rowspan="1">4034</td></tr><tr class="passedeven"><td><a href="#m4">MBAwithspecializationinDigitalEntrepreneurship</a></td><td rowspan="1">1728996410337</td><td rowspan="1">7638</td></tr><tr class="passedeven"><td><a href="#m5">MBAwithspecializationinDigitalMarketingManagement</a></td><td rowspan="1">1728996378834</td><td rowspan="1">5650</td></tr><tr class="passedeven"><td><a href="#m6">MBAwithspecializationinHRAnalytics</a></td><td rowspan="1">1728996388330</td><td rowspan="1">3969</td></tr><tr class="passedeven"><td><a href="#m7">MCAwithspecializationinARandVR</a></td><td rowspan="1">1728996365347</td><td rowspan="1">4673</td></tr><tr class="passedeven"><td><a href="#m8">MCAwithspecializationinMLandAl</a></td><td rowspan="1">1728996350823</td><td rowspan="1">5579</td></tr><tr class="passedeven"><td><a href="#m9">MCAwithspecializationinMachineLearning</a></td><td rowspan="1">1728996358804</td><td rowspan="1">4651</td></tr><tr class="passedeven"><td><a href="#m10">MComwithspecializationinFinancialManagement</a></td><td rowspan="1">1728996434914</td><td rowspan="1">6003</td></tr><tr class="passedeven"><td><a href="#m11">MComwithspecializationinFintech</a></td><td rowspan="1">1728996427411</td><td rowspan="1">4945</td></tr><tr class="passedeven"><td><a href="#m12">MasterofArtsJournalismandMasscommunication</a></td><td rowspan="1">1728996421122</td><td rowspan="1">3892</td></tr><tr class="passedeven"><td><a href="#m13">MasterofArtsinPsychology</a></td><td rowspan="1">1728996450503</td><td rowspan="1">3913</td></tr><tr class="passedeven"><td><a href="#m14">MasterofArtsinPublicPolicyandGovernance</a></td><td rowspan="1">1728996443059</td><td rowspan="1">5096</td></tr><tr class="passedeven"><td><a href="#m15">MasterofBusinessAdministration</a></td><td rowspan="1">1728996372291</td><td rowspan="1">4287</td></tr><tr class="passedeven"><td><a href="#m16">MasterofScienceinDataScience</a></td><td rowspan="1">1728996456749</td><td rowspan="1">5583</td></tr><tr class="passedeven"><td><a href="#m17">PrintprogramsList</a></td><td rowspan="1">1728996464873</td><td rowspan="1">6757</td></tr></tbody>
</table>
<h2>Default test</h2><h3 id="m0">Amity.Online2.Module2_FunctionalTesting#MCAwithspecializationinBlockchain</h3><table class="result"><tr><th>Exception</th></tr><tr><td><div class="stacktrace">java.lang.AssertionError: Unexpected error occurred: no such element: Unable to locate element: {&quot;method&quot;:&quot;xpath&quot;,&quot;selector&quot;:&quot;//a[normalize-space()=&apos;MCA with specialization in Blockchai&apos;]&quot;}
  (Session info: chrome=129.0.6668.101)
For documentation on this error, please visit: https://selenium.dev/exceptions/#no_such_element
Build info: version: &apos;4.8.3&apos;, revision: &apos;e5e76298c3&apos;
System info: os.name: &apos;Windows 11&apos;, os.arch: &apos;amd64&apos;, os.version: &apos;10.0&apos;, java.version: &apos;22.0.1&apos;
Driver info: org.openqa.selenium.chrome.ChromeDriver
Command: [1f8e661ffe76151905af08ae56e740e8, findElement {using=xpath, value=//a[normalize-space()=&apos;MCA with specialization in Blockchai&apos;]}]
Capabilities {acceptInsecureCerts: false, browserName: chrome, browserVersion: 129.0.6668.101, chrome: {chromedriverVersion: 129.0.6668.100 (cf58cba358d..., userDataDir: C:\Users\admin\AppData\Loca...}, fedcm:accounts: true, goog:chromeOptions: {debuggerAddress: localhost:51740}, networkConnectionEnabled: false, pageLoadStrategy: normal, platformName: WINDOWS, proxy: Proxy(), se:cdp: ws://localhost:51740/devtoo..., se:cdpVersion: 129.0.6668.101, setWindowRect: true, strictFileInteractability: false, timeouts: {implicit: 0, pageLoad: 300000, script: 30000}, unhandledPromptBehavior: dismiss and notify, webauthn:extension:credBlob: true, webauthn:extension:largeBlob: true, webauthn:extension:minPinLength: true, webauthn:extension:prf: true, webauthn:virtualAuthenticators: true}
Session ID: 1f8e661ffe76151905af08ae56e740e8
	at org.testng.Assert.fail(Assert.java:111)
	at Amity.Online2.Module2_FunctionalTesting.MCAwithspecializationinBlockchain(Module2_FunctionalTesting.java:226)
	at java.base/jdk.internal.reflect.DirectMethodHandleAccessor.invoke(DirectMethodHandleAccessor.java:103)
	at java.base/java.lang.reflect.Method.invoke(Method.java:580)
	at org.testng.internal.invokers.MethodInvocationHelper.invokeMethod(MethodInvocationHelper.java:139)
	at org.testng.internal.invokers.TestInvoker.invokeMethod(TestInvoker.java:664)
	at org.testng.internal.invokers.TestInvoker.invokeTestMethod(TestInvoker.java:228)
	at org.testng.internal.invokers.MethodRunner.runInSequence(MethodRunner.java:63)
	at org.testng.internal.invokers.TestInvoker$MethodInvocationAgent.invoke(TestInvoker.java:961)
	at org.testng.internal.invokers.TestInvoker.invokeTestMethods(TestInvoker.java:201)
	at org.testng.internal.invokers.TestMethodWorker.invokeTestMethods(TestMethodWorker.java:148)
	at org.testng.internal.invokers.TestMethodWorker.run(TestMethodWorker.java:128)
	at java.base/java.util.ArrayList.forEach(ArrayList.java:1597)
	at org.testng.TestRunner.privateRun(TestRunner.java:819)
	at org.testng.TestRunner.run(TestRunner.java:619)
	at org.testng.SuiteRunner.runTest(SuiteRunner.java:443)
	at org.testng.SuiteRunner.runSequentially(SuiteRunner.java:437)
	at org.testng.SuiteRunner.privateRun(SuiteRunner.java:397)
	at org.testng.SuiteRunner.run(SuiteRunner.java:336)
	at org.testng.SuiteRunnerWorker.runSuite(SuiteRunnerWorker.java:52)
	at org.testng.SuiteRunnerWorker.run(SuiteRunnerWorker.java:95)
	at org.testng.TestNG.runSuitesSequentially(TestNG.java:1301)
	at org.testng.TestNG.runSuitesLocally(TestNG.java:1228)
	at org.testng.TestNG.runSuites(TestNG.java:1134)
	at org.testng.TestNG.run(TestNG.java:1101)
	at org.testng.remote.AbstractRemoteTestNG.run(AbstractRemoteTestNG.java:115)
	at org.testng.remote.RemoteTestNG.initAndRun(RemoteTestNG.java:293)
	at org.testng.remote.RemoteTestNG.main(RemoteTestNG.java:91)
</div></td></tr></table><p class="totop"><a href="#summary">back to summary</a></p>
<h3 id="m1">Amity.Online2.Module2_FunctionalTesting#MasterofComputerApplications</h3><table class="result"><tr><th>Exception</th></tr><tr><td><div class="stacktrace">java.lang.AssertionError: Assertion error occurred: expected [true] but found [false]
	at org.testng.Assert.fail(Assert.java:111)
	at Amity.Online2.Module2_FunctionalTesting.MasterofComputerApplications(Module2_FunctionalTesting.java:188)
	at java.base/jdk.internal.reflect.DirectMethodHandleAccessor.invoke(DirectMethodHandleAccessor.java:103)
	at java.base/java.lang.reflect.Method.invoke(Method.java:580)
	at org.testng.internal.invokers.MethodInvocationHelper.invokeMethod(MethodInvocationHelper.java:139)
	at org.testng.internal.invokers.TestInvoker.invokeMethod(TestInvoker.java:664)
	at org.testng.internal.invokers.TestInvoker.invokeTestMethod(TestInvoker.java:228)
	at org.testng.internal.invokers.MethodRunner.runInSequence(MethodRunner.java:63)
	at org.testng.internal.invokers.TestInvoker$MethodInvocationAgent.invoke(TestInvoker.java:961)
	at org.testng.internal.invokers.TestInvoker.invokeTestMethods(TestInvoker.java:201)
	at org.testng.internal.invokers.TestMethodWorker.invokeTestMethods(TestMethodWorker.java:148)
	at org.testng.internal.invokers.TestMethodWorker.run(TestMethodWorker.java:128)
	at java.base/java.util.ArrayList.forEach(ArrayList.java:1597)
	at org.testng.TestRunner.privateRun(TestRunner.java:819)
	at org.testng.TestRunner.run(TestRunner.java:619)
	at org.testng.SuiteRunner.runTest(SuiteRunner.java:443)
	at org.testng.SuiteRunner.runSequentially(SuiteRunner.java:437)
	at org.testng.SuiteRunner.privateRun(SuiteRunner.java:397)
	at org.testng.SuiteRunner.run(SuiteRunner.java:336)
	at org.testng.SuiteRunnerWorker.runSuite(SuiteRunnerWorker.java:52)
	at org.testng.SuiteRunnerWorker.run(SuiteRunnerWorker.java:95)
	at org.testng.TestNG.runSuitesSequentially(TestNG.java:1301)
	at org.testng.TestNG.runSuitesLocally(TestNG.java:1228)
	at org.testng.TestNG.runSuites(TestNG.java:1134)
	at org.testng.TestNG.run(TestNG.java:1101)
	at org.testng.remote.AbstractRemoteTestNG.run(AbstractRemoteTestNG.java:115)
	at org.testng.remote.RemoteTestNG.initAndRun(RemoteTestNG.java:293)
	at org.testng.remote.RemoteTestNG.main(RemoteTestNG.java:91)
</div></td></tr></table><p class="totop"><a href="#summary">back to summary</a></p>
<h3 id="m2">Amity.Online2.Module2_FunctionalTesting#MBAwithspecializationinBusinessAnalytics</h3><table class="result"><tr><th class="invisible"/></tr></table><p class="totop"><a href="#summary">back to summary</a></p>
<h3 id="m3">Amity.Online2.Module2_FunctionalTesting#MBAwithspecializationinDataScience</h3><table class="result"><tr><th class="invisible"/></tr></table><p class="totop"><a href="#summary">back to summary</a></p>
<h3 id="m4">Amity.Online2.Module2_FunctionalTesting#MBAwithspecializationinDigitalEntrepreneurship</h3><table class="result"><tr><th class="invisible"/></tr></table><p class="totop"><a href="#summary">back to summary</a></p>
<h3 id="m5">Amity.Online2.Module2_FunctionalTesting#MBAwithspecializationinDigitalMarketingManagement</h3><table class="result"><tr><th class="invisible"/></tr></table><p class="totop"><a href="#summary">back to summary</a></p>
<h3 id="m6">Amity.Online2.Module2_FunctionalTesting#MBAwithspecializationinHRAnalytics</h3><table class="result"><tr><th class="invisible"/></tr></table><p class="totop"><a href="#summary">back to summary</a></p>
<h3 id="m7">Amity.Online2.Module2_FunctionalTesting#MCAwithspecializationinARandVR</h3><table class="result"><tr><th class="invisible"/></tr></table><p class="totop"><a href="#summary">back to summary</a></p>
<h3 id="m8">Amity.Online2.Module2_FunctionalTesting#MCAwithspecializationinMLandAl</h3><table class="result"><tr><th class="invisible"/></tr></table><p class="totop"><a href="#summary">back to summary</a></p>
<h3 id="m9">Amity.Online2.Module2_FunctionalTesting#MCAwithspecializationinMachineLearning</h3><table class="result"><tr><th class="invisible"/></tr></table><p class="totop"><a href="#summary">back to summary</a></p>
<h3 id="m10">Amity.Online2.Module2_FunctionalTesting#MComwithspecializationinFinancialManagement</h3><table class="result"><tr><th class="invisible"/></tr></table><p class="totop"><a href="#summary">back to summary</a></p>
<h3 id="m11">Amity.Online2.Module2_FunctionalTesting#MComwithspecializationinFintech</h3><table class="result"><tr><th class="invisible"/></tr></table><p class="totop"><a href="#summary">back to summary</a></p>
<h3 id="m12">Amity.Online2.Module2_FunctionalTesting#MasterofArtsJournalismandMasscommunication</h3><table class="result"><tr><th class="invisible"/></tr></table><p class="totop"><a href="#summary">back to summary</a></p>
<h3 id="m13">Amity.Online2.Module2_FunctionalTesting#MasterofArtsinPsychology</h3><table class="result"><tr><th class="invisible"/></tr></table><p class="totop"><a href="#summary">back to summary</a></p>
<h3 id="m14">Amity.Online2.Module2_FunctionalTesting#MasterofArtsinPublicPolicyandGovernance</h3><table class="result"><tr><th class="invisible"/></tr></table><p class="totop"><a href="#summary">back to summary</a></p>
<h3 id="m15">Amity.Online2.Module2_FunctionalTesting#MasterofBusinessAdministration</h3><table class="result"><tr><th class="invisible"/></tr></table><p class="totop"><a href="#summary">back to summary</a></p>
<h3 id="m16">Amity.Online2.Module2_FunctionalTesting#MasterofScienceinDataScience</h3><table class="result"><tr><th class="invisible"/></tr></table><p class="totop"><a href="#summary">back to summary</a></p>
<h3 id="m17">Amity.Online2.Module2_FunctionalTesting#PrintprogramsList</h3><table class="result"><tr><th class="invisible"/></tr></table><p class="totop"><a href="#summary">back to summary</a></p>
</body>
</html>
