<?xml version="1.0" encoding="UTF-8"?>
<testng-results ignored="0" total="18" passed="16" failed="2" skipped="0">
  <reporter-output>
  </reporter-output>
  <suite started-at="2024-10-16T00:32:09 IST" name="Default suite" finished-at="2024-10-16T00:35:37 IST" duration-ms="207323">
    <groups>
    </groups>
    <test started-at="2024-10-16T00:32:09 IST" name="Default test" finished-at="2024-10-16T00:35:37 IST" duration-ms="207323">
      <class name="Amity.Online2.Module2_FunctionalTesting">
        <test-method is-config="true" signature="GenerateReport()[pri:0, instance:Amity.Online2.Module2_FunctionalTesting@126253fd]" started-at="2024-10-16T00:32:09 IST" name="GenerateReport" finished-at="2024-10-16T00:32:10 IST" duration-ms="655" status="PASS">
          <reporter-output>
          </reporter-output>
        </test-method> <!-- GenerateReport -->
        <test-method is-config="true" signature="LaunchBrowser()[pri:0, instance:Amity.Online2.Module2_FunctionalTesting@126253fd]" started-at="2024-10-16T00:32:10 IST" name="LaunchBrowser" finished-at="2024-10-16T00:32:19 IST" duration-ms="8853" status="PASS">
          <reporter-output>
          </reporter-output>
        </test-method> <!-- LaunchBrowser -->
        <test-method signature="MasterofComputerApplications()[pri:15, instance:Amity.Online2.Module2_FunctionalTesting@126253fd]" started-at="2024-10-16T00:32:19 IST" name="MasterofComputerApplications" finished-at="2024-10-16T00:32:19 IST" duration-ms="333" status="FAIL">
          <exception class="java.lang.AssertionError">
            <message>
              <![CDATA[Unexpected error occurred: no such element: Unable to locate element: {"method":"xpath","selector":"//a[normalize-space()='Master of Computer Application']"}
  (Session info: chrome=129.0.6668.101)
For documentation on this error, please visit: https://selenium.dev/exceptions/#no_such_element
Build info: version: '4.8.3', revision: 'e5e76298c3'
System info: os.name: 'Windows 11', os.arch: 'amd64', os.version: '10.0', java.version: '22.0.1'
Driver info: org.openqa.selenium.chrome.ChromeDriver
Command: [1a69efe589f969c04531cc7b0ef80f0c, findElement {using=xpath, value=//a[normalize-space()='Master of Computer Application']}]
Capabilities {acceptInsecureCerts: false, browserName: chrome, browserVersion: 129.0.6668.101, chrome: {chromedriverVersion: 129.0.6668.100 (cf58cba358d..., userDataDir: C:\Users\admin\AppData\Loca...}, fedcm:accounts: true, goog:chromeOptions: {debuggerAddress: localhost:59282}, networkConnectionEnabled: false, pageLoadStrategy: normal, platformName: WINDOWS, proxy: Proxy(), se:cdp: ws://localhost:59282/devtoo..., se:cdpVersion: 129.0.6668.101, setWindowRect: true, strictFileInteractability: false, timeouts: {implicit: 0, pageLoad: 300000, script: 30000}, unhandledPromptBehavior: dismiss and notify, webauthn:extension:credBlob: true, webauthn:extension:largeBlob: true, webauthn:extension:minPinLength: true, webauthn:extension:prf: true, webauthn:virtualAuthenticators: true}
Session ID: 1a69efe589f969c04531cc7b0ef80f0c]]>
            </message>
            <full-stacktrace>
              <![CDATA[java.lang.AssertionError: Unexpected error occurred: no such element: Unable to locate element: {"method":"xpath","selector":"//a[normalize-space()='Master of Computer Application']"}
  (Session info: chrome=129.0.6668.101)
For documentation on this error, please visit: https://selenium.dev/exceptions/#no_such_element
Build info: version: '4.8.3', revision: 'e5e76298c3'
System info: os.name: 'Windows 11', os.arch: 'amd64', os.version: '10.0', java.version: '22.0.1'
Driver info: org.openqa.selenium.chrome.ChromeDriver
Command: [1a69efe589f969c04531cc7b0ef80f0c, findElement {using=xpath, value=//a[normalize-space()='Master of Computer Application']}]
Capabilities {acceptInsecureCerts: false, browserName: chrome, browserVersion: 129.0.6668.101, chrome: {chromedriverVersion: 129.0.6668.100 (cf58cba358d..., userDataDir: C:\Users\admin\AppData\Loca...}, fedcm:accounts: true, goog:chromeOptions: {debuggerAddress: localhost:59282}, networkConnectionEnabled: false, pageLoadStrategy: normal, platformName: WINDOWS, proxy: Proxy(), se:cdp: ws://localhost:59282/devtoo..., se:cdpVersion: 129.0.6668.101, setWindowRect: true, strictFileInteractability: false, timeouts: {implicit: 0, pageLoad: 300000, script: 30000}, unhandledPromptBehavior: dismiss and notify, webauthn:extension:credBlob: true, webauthn:extension:largeBlob: true, webauthn:extension:minPinLength: true, webauthn:extension:prf: true, webauthn:virtualAuthenticators: true}
Session ID: 1a69efe589f969c04531cc7b0ef80f0c
at org.testng.Assert.fail(Assert.java:111)
at Amity.Online2.Module2_FunctionalTesting.MasterofComputerApplications(Module2_FunctionalTesting.java:184)
at java.base/jdk.internal.reflect.DirectMethodHandleAccessor.invoke(DirectMethodHandleAccessor.java:103)
at java.base/java.lang.reflect.Method.invoke(Method.java:580)
at org.testng.internal.invokers.MethodInvocationHelper.invokeMethod(MethodInvocationHelper.java:139)
at org.testng.internal.invokers.TestInvoker.invokeMethod(TestInvoker.java:664)
at org.testng.internal.invokers.TestInvoker.invokeTestMethod(TestInvoker.java:228)
at org.testng.internal.invokers.MethodRunner.runInSequence(MethodRunner.java:63)
at org.testng.internal.invokers.TestInvoker$MethodInvocationAgent.invoke(TestInvoker.java:961)
at org.testng.internal.invokers.TestInvoker.invokeTestMethods(TestInvoker.java:201)
at org.testng.internal.invokers.TestMethodWorker.invokeTestMethods(TestMethodWorker.java:148)
at org.testng.internal.invokers.TestMethodWorker.run(TestMethodWorker.java:128)
at java.base/java.util.ArrayList.forEach(ArrayList.java:1597)
at org.testng.TestRunner.privateRun(TestRunner.java:819)
at org.testng.TestRunner.run(TestRunner.java:619)
at org.testng.SuiteRunner.runTest(SuiteRunner.java:443)
at org.testng.SuiteRunner.runSequentially(SuiteRunner.java:437)
at org.testng.SuiteRunner.privateRun(SuiteRunner.java:397)
at org.testng.SuiteRunner.run(SuiteRunner.java:336)
at org.testng.SuiteRunnerWorker.runSuite(SuiteRunnerWorker.java:52)
at org.testng.SuiteRunnerWorker.run(SuiteRunnerWorker.java:95)
at org.testng.TestNG.runSuitesSequentially(TestNG.java:1301)
at org.testng.TestNG.runSuitesLocally(TestNG.java:1228)
at org.testng.TestNG.runSuites(TestNG.java:1134)
at org.testng.TestNG.run(TestNG.java:1101)
at org.testng.remote.AbstractRemoteTestNG.run(AbstractRemoteTestNG.java:115)
at org.testng.remote.RemoteTestNG.initAndRun(RemoteTestNG.java:293)
at org.testng.remote.RemoteTestNG.main(RemoteTestNG.java:91)
]]>
            </full-stacktrace>
          </exception> <!-- java.lang.AssertionError -->
          <reporter-output>
          </reporter-output>
        </test-method> <!-- MasterofComputerApplications -->
        <test-method is-config="true" signature="CloseBrowser(org.testng.ITestResult)[pri:0, instance:Amity.Online2.Module2_FunctionalTesting@126253fd]" started-at="2024-10-16T00:32:19 IST" name="CloseBrowser" finished-at="2024-10-16T00:32:20 IST" duration-ms="936" status="PASS">
          <params>
            <param index="0">
              <value>
                <![CDATA[[TestResult name=MasterofComputerApplications status=FAILURE method=Module2_FunctionalTesting.MasterofComputerApplications()[pri:15, instance:Amity.Online2.Module2_FunctionalTesting@126253fd] output={null}]]]>
              </value>
            </param>
          </params>
          <reporter-output>
          </reporter-output>
        </test-method> <!-- CloseBrowser -->
        <test-method is-config="true" signature="LaunchBrowser()[pri:0, instance:Amity.Online2.Module2_FunctionalTesting@126253fd]" started-at="2024-10-16T00:32:20 IST" name="LaunchBrowser" finished-at="2024-10-16T00:32:23 IST" duration-ms="3082" status="PASS">
          <reporter-output>
          </reporter-output>
        </test-method> <!-- LaunchBrowser -->
        <test-method signature="MCAwithspecializationinBlockchain()[pri:16, instance:Amity.Online2.Module2_FunctionalTesting@126253fd]" started-at="2024-10-16T00:32:23 IST" name="MCAwithspecializationinBlockchain" finished-at="2024-10-16T00:32:24 IST" duration-ms="467" status="FAIL">
          <exception class="java.lang.AssertionError">
            <message>
              <![CDATA[Unexpected error occurred: no such element: Unable to locate element: {"method":"xpath","selector":"//a[normalize-space()='MCA with specialization in Blockchai']"}
  (Session info: chrome=129.0.6668.101)
For documentation on this error, please visit: https://selenium.dev/exceptions/#no_such_element
Build info: version: '4.8.3', revision: 'e5e76298c3'
System info: os.name: 'Windows 11', os.arch: 'amd64', os.version: '10.0', java.version: '22.0.1'
Driver info: org.openqa.selenium.chrome.ChromeDriver
Command: [c9c1e34cea704f5ae360de05c04f9719, findElement {using=xpath, value=//a[normalize-space()='MCA with specialization in Blockchai']}]
Capabilities {acceptInsecureCerts: false, browserName: chrome, browserVersion: 129.0.6668.101, chrome: {chromedriverVersion: 129.0.6668.100 (cf58cba358d..., userDataDir: C:\Users\admin\AppData\Loca...}, fedcm:accounts: true, goog:chromeOptions: {debuggerAddress: localhost:59307}, networkConnectionEnabled: false, pageLoadStrategy: normal, platformName: WINDOWS, proxy: Proxy(), se:cdp: ws://localhost:59307/devtoo..., se:cdpVersion: 129.0.6668.101, setWindowRect: true, strictFileInteractability: false, timeouts: {implicit: 0, pageLoad: 300000, script: 30000}, unhandledPromptBehavior: dismiss and notify, webauthn:extension:credBlob: true, webauthn:extension:largeBlob: true, webauthn:extension:minPinLength: true, webauthn:extension:prf: true, webauthn:virtualAuthenticators: true}
Session ID: c9c1e34cea704f5ae360de05c04f9719]]>
            </message>
            <full-stacktrace>
              <![CDATA[java.lang.AssertionError: Unexpected error occurred: no such element: Unable to locate element: {"method":"xpath","selector":"//a[normalize-space()='MCA with specialization in Blockchai']"}
  (Session info: chrome=129.0.6668.101)
For documentation on this error, please visit: https://selenium.dev/exceptions/#no_such_element
Build info: version: '4.8.3', revision: 'e5e76298c3'
System info: os.name: 'Windows 11', os.arch: 'amd64', os.version: '10.0', java.version: '22.0.1'
Driver info: org.openqa.selenium.chrome.ChromeDriver
Command: [c9c1e34cea704f5ae360de05c04f9719, findElement {using=xpath, value=//a[normalize-space()='MCA with specialization in Blockchai']}]
Capabilities {acceptInsecureCerts: false, browserName: chrome, browserVersion: 129.0.6668.101, chrome: {chromedriverVersion: 129.0.6668.100 (cf58cba358d..., userDataDir: C:\Users\admin\AppData\Loca...}, fedcm:accounts: true, goog:chromeOptions: {debuggerAddress: localhost:59307}, networkConnectionEnabled: false, pageLoadStrategy: normal, platformName: WINDOWS, proxy: Proxy(), se:cdp: ws://localhost:59307/devtoo..., se:cdpVersion: 129.0.6668.101, setWindowRect: true, strictFileInteractability: false, timeouts: {implicit: 0, pageLoad: 300000, script: 30000}, unhandledPromptBehavior: dismiss and notify, webauthn:extension:credBlob: true, webauthn:extension:largeBlob: true, webauthn:extension:minPinLength: true, webauthn:extension:prf: true, webauthn:virtualAuthenticators: true}
Session ID: c9c1e34cea704f5ae360de05c04f9719
at org.testng.Assert.fail(Assert.java:111)
at Amity.Online2.Module2_FunctionalTesting.MCAwithspecializationinBlockchain(Module2_FunctionalTesting.java:226)
at java.base/jdk.internal.reflect.DirectMethodHandleAccessor.invoke(DirectMethodHandleAccessor.java:103)
at java.base/java.lang.reflect.Method.invoke(Method.java:580)
at org.testng.internal.invokers.MethodInvocationHelper.invokeMethod(MethodInvocationHelper.java:139)
at org.testng.internal.invokers.TestInvoker.invokeMethod(TestInvoker.java:664)
at org.testng.internal.invokers.TestInvoker.invokeTestMethod(TestInvoker.java:228)
at org.testng.internal.invokers.MethodRunner.runInSequence(MethodRunner.java:63)
at org.testng.internal.invokers.TestInvoker$MethodInvocationAgent.invoke(TestInvoker.java:961)
at org.testng.internal.invokers.TestInvoker.invokeTestMethods(TestInvoker.java:201)
at org.testng.internal.invokers.TestMethodWorker.invokeTestMethods(TestMethodWorker.java:148)
at org.testng.internal.invokers.TestMethodWorker.run(TestMethodWorker.java:128)
at java.base/java.util.ArrayList.forEach(ArrayList.java:1597)
at org.testng.TestRunner.privateRun(TestRunner.java:819)
at org.testng.TestRunner.run(TestRunner.java:619)
at org.testng.SuiteRunner.runTest(SuiteRunner.java:443)
at org.testng.SuiteRunner.runSequentially(SuiteRunner.java:437)
at org.testng.SuiteRunner.privateRun(SuiteRunner.java:397)
at org.testng.SuiteRunner.run(SuiteRunner.java:336)
at org.testng.SuiteRunnerWorker.runSuite(SuiteRunnerWorker.java:52)
at org.testng.SuiteRunnerWorker.run(SuiteRunnerWorker.java:95)
at org.testng.TestNG.runSuitesSequentially(TestNG.java:1301)
at org.testng.TestNG.runSuitesLocally(TestNG.java:1228)
at org.testng.TestNG.runSuites(TestNG.java:1134)
at org.testng.TestNG.run(TestNG.java:1101)
at org.testng.remote.AbstractRemoteTestNG.run(AbstractRemoteTestNG.java:115)
at org.testng.remote.RemoteTestNG.initAndRun(RemoteTestNG.java:293)
at org.testng.remote.RemoteTestNG.main(RemoteTestNG.java:91)
]]>
            </full-stacktrace>
          </exception> <!-- java.lang.AssertionError -->
          <reporter-output>
          </reporter-output>
        </test-method> <!-- MCAwithspecializationinBlockchain -->
        <test-method is-config="true" signature="CloseBrowser(org.testng.ITestResult)[pri:0, instance:Amity.Online2.Module2_FunctionalTesting@126253fd]" started-at="2024-10-16T00:32:24 IST" name="CloseBrowser" finished-at="2024-10-16T00:32:25 IST" duration-ms="884" status="PASS">
          <params>
            <param index="0">
              <value>
                <![CDATA[[TestResult name=MCAwithspecializationinBlockchain status=FAILURE method=Module2_FunctionalTesting.MCAwithspecializationinBlockchain()[pri:16, instance:Amity.Online2.Module2_FunctionalTesting@126253fd] output={null}]]]>
              </value>
            </param>
          </params>
          <reporter-output>
          </reporter-output>
        </test-method> <!-- CloseBrowser -->
        <test-method is-config="true" signature="LaunchBrowser()[pri:0, instance:Amity.Online2.Module2_FunctionalTesting@126253fd]" started-at="2024-10-16T00:32:25 IST" name="LaunchBrowser" finished-at="2024-10-16T00:32:32 IST" duration-ms="7637" status="PASS">
          <reporter-output>
          </reporter-output>
        </test-method> <!-- LaunchBrowser -->
        <test-method signature="MCAwithspecializationinMLandAl()[pri:17, instance:Amity.Online2.Module2_FunctionalTesting@126253fd]" started-at="2024-10-16T00:32:32 IST" name="MCAwithspecializationinMLandAl" finished-at="2024-10-16T00:32:38 IST" duration-ms="6108" status="PASS">
          <reporter-output>
          </reporter-output>
        </test-method> <!-- MCAwithspecializationinMLandAl -->
        <test-method is-config="true" signature="CloseBrowser(org.testng.ITestResult)[pri:0, instance:Amity.Online2.Module2_FunctionalTesting@126253fd]" started-at="2024-10-16T00:32:39 IST" name="CloseBrowser" finished-at="2024-10-16T00:32:39 IST" duration-ms="382" status="PASS">
          <params>
            <param index="0">
              <value>
                <![CDATA[[TestResult name=MCAwithspecializationinMLandAl status=SUCCESS method=Module2_FunctionalTesting.MCAwithspecializationinMLandAl()[pri:17, instance:Amity.Online2.Module2_FunctionalTesting@126253fd] output={null}]]]>
              </value>
            </param>
          </params>
          <reporter-output>
          </reporter-output>
        </test-method> <!-- CloseBrowser -->
        <test-method is-config="true" signature="LaunchBrowser()[pri:0, instance:Amity.Online2.Module2_FunctionalTesting@126253fd]" started-at="2024-10-16T00:32:39 IST" name="LaunchBrowser" finished-at="2024-10-16T00:32:42 IST" duration-ms="3517" status="PASS">
          <reporter-output>
          </reporter-output>
        </test-method> <!-- LaunchBrowser -->
        <test-method signature="MCAwithspecializationinMachineLearning()[pri:18, instance:Amity.Online2.Module2_FunctionalTesting@126253fd]" started-at="2024-10-16T00:32:42 IST" name="MCAwithspecializationinMachineLearning" finished-at="2024-10-16T00:32:51 IST" duration-ms="8485" status="PASS">
          <reporter-output>
          </reporter-output>
        </test-method> <!-- MCAwithspecializationinMachineLearning -->
        <test-method is-config="true" signature="CloseBrowser(org.testng.ITestResult)[pri:0, instance:Amity.Online2.Module2_FunctionalTesting@126253fd]" started-at="2024-10-16T00:32:51 IST" name="CloseBrowser" finished-at="2024-10-16T00:32:51 IST" duration-ms="316" status="PASS">
          <params>
            <param index="0">
              <value>
                <![CDATA[[TestResult name=MCAwithspecializationinMachineLearning status=SUCCESS method=Module2_FunctionalTesting.MCAwithspecializationinMachineLearning()[pri:18, instance:Amity.Online2.Module2_FunctionalTesting@126253fd] output={null}]]]>
              </value>
            </param>
          </params>
          <reporter-output>
          </reporter-output>
        </test-method> <!-- CloseBrowser -->
        <test-method is-config="true" signature="LaunchBrowser()[pri:0, instance:Amity.Online2.Module2_FunctionalTesting@126253fd]" started-at="2024-10-16T00:32:51 IST" name="LaunchBrowser" finished-at="2024-10-16T00:32:54 IST" duration-ms="3282" status="PASS">
          <reporter-output>
          </reporter-output>
        </test-method> <!-- LaunchBrowser -->
        <test-method signature="MCAwithspecializationinARandVR()[pri:19, instance:Amity.Online2.Module2_FunctionalTesting@126253fd]" started-at="2024-10-16T00:32:54 IST" name="MCAwithspecializationinARandVR" finished-at="2024-10-16T00:33:02 IST" duration-ms="8001" status="PASS">
          <reporter-output>
          </reporter-output>
        </test-method> <!-- MCAwithspecializationinARandVR -->
        <test-method is-config="true" signature="CloseBrowser(org.testng.ITestResult)[pri:0, instance:Amity.Online2.Module2_FunctionalTesting@126253fd]" started-at="2024-10-16T00:33:02 IST" name="CloseBrowser" finished-at="2024-10-16T00:33:03 IST" duration-ms="517" status="PASS">
          <params>
            <param index="0">
              <value>
                <![CDATA[[TestResult name=MCAwithspecializationinARandVR status=SUCCESS method=Module2_FunctionalTesting.MCAwithspecializationinARandVR()[pri:19, instance:Amity.Online2.Module2_FunctionalTesting@126253fd] output={null}]]]>
              </value>
            </param>
          </params>
          <reporter-output>
          </reporter-output>
        </test-method> <!-- CloseBrowser -->
        <test-method is-config="true" signature="LaunchBrowser()[pri:0, instance:Amity.Online2.Module2_FunctionalTesting@126253fd]" started-at="2024-10-16T00:33:03 IST" name="LaunchBrowser" finished-at="2024-10-16T00:33:07 IST" duration-ms="3630" status="PASS">
          <reporter-output>
          </reporter-output>
        </test-method> <!-- LaunchBrowser -->
        <test-method signature="MasterofBusinessAdministration()[pri:20, instance:Amity.Online2.Module2_FunctionalTesting@126253fd]" started-at="2024-10-16T00:33:07 IST" name="MasterofBusinessAdministration" finished-at="2024-10-16T00:33:11 IST" duration-ms="4070" status="PASS">
          <reporter-output>
          </reporter-output>
        </test-method> <!-- MasterofBusinessAdministration -->
        <test-method is-config="true" signature="CloseBrowser(org.testng.ITestResult)[pri:0, instance:Amity.Online2.Module2_FunctionalTesting@126253fd]" started-at="2024-10-16T00:33:11 IST" name="CloseBrowser" finished-at="2024-10-16T00:33:11 IST" duration-ms="298" status="PASS">
          <params>
            <param index="0">
              <value>
                <![CDATA[[TestResult name=MasterofBusinessAdministration status=SUCCESS method=Module2_FunctionalTesting.MasterofBusinessAdministration()[pri:20, instance:Amity.Online2.Module2_FunctionalTesting@126253fd] output={null}]]]>
              </value>
            </param>
          </params>
          <reporter-output>
          </reporter-output>
        </test-method> <!-- CloseBrowser -->
        <test-method is-config="true" signature="LaunchBrowser()[pri:0, instance:Amity.Online2.Module2_FunctionalTesting@126253fd]" started-at="2024-10-16T00:33:11 IST" name="LaunchBrowser" finished-at="2024-10-16T00:33:14 IST" duration-ms="3164" status="PASS">
          <reporter-output>
          </reporter-output>
        </test-method> <!-- LaunchBrowser -->
        <test-method signature="MBAwithspecializationinDigitalMarketingManagement()[pri:21, instance:Amity.Online2.Module2_FunctionalTesting@126253fd]" started-at="2024-10-16T00:33:14 IST" name="MBAwithspecializationinDigitalMarketingManagement" finished-at="2024-10-16T00:33:23 IST" duration-ms="8993" status="PASS">
          <reporter-output>
          </reporter-output>
        </test-method> <!-- MBAwithspecializationinDigitalMarketingManagement -->
        <test-method is-config="true" signature="CloseBrowser(org.testng.ITestResult)[pri:0, instance:Amity.Online2.Module2_FunctionalTesting@126253fd]" started-at="2024-10-16T00:33:23 IST" name="CloseBrowser" finished-at="2024-10-16T00:33:24 IST" duration-ms="363" status="PASS">
          <params>
            <param index="0">
              <value>
                <![CDATA[[TestResult name=MBAwithspecializationinDigitalMarketingManagement status=SUCCESS method=Module2_FunctionalTesting.MBAwithspecializationinDigitalMarketingManagement()[pri:21, instance:Amity.Online2.Module2_FunctionalTesting@126253fd] output={null}]]]>
              </value>
            </param>
          </params>
          <reporter-output>
          </reporter-output>
        </test-method> <!-- CloseBrowser -->
        <test-method is-config="true" signature="LaunchBrowser()[pri:0, instance:Amity.Online2.Module2_FunctionalTesting@126253fd]" started-at="2024-10-16T00:33:24 IST" name="LaunchBrowser" finished-at="2024-10-16T00:33:27 IST" duration-ms="3692" status="PASS">
          <reporter-output>
          </reporter-output>
        </test-method> <!-- LaunchBrowser -->
        <test-method signature="MBAwithspecializationinHRAnalytics()[pri:22, instance:Amity.Online2.Module2_FunctionalTesting@126253fd]" started-at="2024-10-16T00:33:27 IST" name="MBAwithspecializationinHRAnalytics" finished-at="2024-10-16T00:33:32 IST" duration-ms="4438" status="PASS">
          <reporter-output>
          </reporter-output>
        </test-method> <!-- MBAwithspecializationinHRAnalytics -->
        <test-method is-config="true" signature="CloseBrowser(org.testng.ITestResult)[pri:0, instance:Amity.Online2.Module2_FunctionalTesting@126253fd]" started-at="2024-10-16T00:33:32 IST" name="CloseBrowser" finished-at="2024-10-16T00:33:32 IST" duration-ms="401" status="PASS">
          <params>
            <param index="0">
              <value>
                <![CDATA[[TestResult name=MBAwithspecializationinHRAnalytics status=SUCCESS method=Module2_FunctionalTesting.MBAwithspecializationinHRAnalytics()[pri:22, instance:Amity.Online2.Module2_FunctionalTesting@126253fd] output={null}]]]>
              </value>
            </param>
          </params>
          <reporter-output>
          </reporter-output>
        </test-method> <!-- CloseBrowser -->
        <test-method is-config="true" signature="LaunchBrowser()[pri:0, instance:Amity.Online2.Module2_FunctionalTesting@126253fd]" started-at="2024-10-16T00:33:32 IST" name="LaunchBrowser" finished-at="2024-10-16T00:33:36 IST" duration-ms="3940" status="PASS">
          <reporter-output>
          </reporter-output>
        </test-method> <!-- LaunchBrowser -->
        <test-method signature="MBAwithspecializationinDataScience()[pri:23, instance:Amity.Online2.Module2_FunctionalTesting@126253fd]" started-at="2024-10-16T00:33:36 IST" name="MBAwithspecializationinDataScience" finished-at="2024-10-16T00:33:41 IST" duration-ms="4503" status="PASS">
          <reporter-output>
          </reporter-output>
        </test-method> <!-- MBAwithspecializationinDataScience -->
        <test-method is-config="true" signature="CloseBrowser(org.testng.ITestResult)[pri:0, instance:Amity.Online2.Module2_FunctionalTesting@126253fd]" started-at="2024-10-16T00:33:41 IST" name="CloseBrowser" finished-at="2024-10-16T00:33:41 IST" duration-ms="294" status="PASS">
          <params>
            <param index="0">
              <value>
                <![CDATA[[TestResult name=MBAwithspecializationinDataScience status=SUCCESS method=Module2_FunctionalTesting.MBAwithspecializationinDataScience()[pri:23, instance:Amity.Online2.Module2_FunctionalTesting@126253fd] output={null}]]]>
              </value>
            </param>
          </params>
          <reporter-output>
          </reporter-output>
        </test-method> <!-- CloseBrowser -->
        <test-method is-config="true" signature="LaunchBrowser()[pri:0, instance:Amity.Online2.Module2_FunctionalTesting@126253fd]" started-at="2024-10-16T00:33:41 IST" name="LaunchBrowser" finished-at="2024-10-16T00:33:44 IST" duration-ms="3365" status="PASS">
          <reporter-output>
          </reporter-output>
        </test-method> <!-- LaunchBrowser -->
        <test-method signature="MBAwithspecializationinBusinessAnalytics()[pri:24, instance:Amity.Online2.Module2_FunctionalTesting@126253fd]" started-at="2024-10-16T00:33:44 IST" name="MBAwithspecializationinBusinessAnalytics" finished-at="2024-10-16T00:33:54 IST" duration-ms="9554" status="PASS">
          <reporter-output>
          </reporter-output>
        </test-method> <!-- MBAwithspecializationinBusinessAnalytics -->
        <test-method is-config="true" signature="CloseBrowser(org.testng.ITestResult)[pri:0, instance:Amity.Online2.Module2_FunctionalTesting@126253fd]" started-at="2024-10-16T00:33:54 IST" name="CloseBrowser" finished-at="2024-10-16T00:33:55 IST" duration-ms="1185" status="PASS">
          <params>
            <param index="0">
              <value>
                <![CDATA[[TestResult name=MBAwithspecializationinBusinessAnalytics status=SUCCESS method=Module2_FunctionalTesting.MBAwithspecializationinBusinessAnalytics()[pri:24, instance:Amity.Online2.Module2_FunctionalTesting@126253fd] output={null}]]]>
              </value>
            </param>
          </params>
          <reporter-output>
          </reporter-output>
        </test-method> <!-- CloseBrowser -->
        <test-method is-config="true" signature="LaunchBrowser()[pri:0, instance:Amity.Online2.Module2_FunctionalTesting@126253fd]" started-at="2024-10-16T00:33:55 IST" name="LaunchBrowser" finished-at="2024-10-16T00:33:58 IST" duration-ms="3246" status="PASS">
          <reporter-output>
          </reporter-output>
        </test-method> <!-- LaunchBrowser -->
        <test-method signature="MBAwithspecializationinDigitalEntrepreneurship()[pri:25, instance:Amity.Online2.Module2_FunctionalTesting@126253fd]" started-at="2024-10-16T00:33:58 IST" name="MBAwithspecializationinDigitalEntrepreneurship" finished-at="2024-10-16T00:34:07 IST" duration-ms="8320" status="PASS">
          <reporter-output>
          </reporter-output>
        </test-method> <!-- MBAwithspecializationinDigitalEntrepreneurship -->
        <test-method is-config="true" signature="CloseBrowser(org.testng.ITestResult)[pri:0, instance:Amity.Online2.Module2_FunctionalTesting@126253fd]" started-at="2024-10-16T00:34:07 IST" name="CloseBrowser" finished-at="2024-10-16T00:34:07 IST" duration-ms="313" status="PASS">
          <params>
            <param index="0">
              <value>
                <![CDATA[[TestResult name=MBAwithspecializationinDigitalEntrepreneurship status=SUCCESS method=Module2_FunctionalTesting.MBAwithspecializationinDigitalEntrepreneurship()[pri:25, instance:Amity.Online2.Module2_FunctionalTesting@126253fd] output={null}]]]>
              </value>
            </param>
          </params>
          <reporter-output>
          </reporter-output>
        </test-method> <!-- CloseBrowser -->
        <test-method is-config="true" signature="LaunchBrowser()[pri:0, instance:Amity.Online2.Module2_FunctionalTesting@126253fd]" started-at="2024-10-16T00:34:07 IST" name="LaunchBrowser" finished-at="2024-10-16T00:34:10 IST" duration-ms="3309" status="PASS">
          <reporter-output>
          </reporter-output>
        </test-method> <!-- LaunchBrowser -->
        <test-method signature="MasterofArtsJournalismandMasscommunication()[pri:26, instance:Amity.Online2.Module2_FunctionalTesting@126253fd]" started-at="2024-10-16T00:34:10 IST" name="MasterofArtsJournalismandMasscommunication" finished-at="2024-10-16T00:34:17 IST" duration-ms="6461" status="PASS">
          <reporter-output>
          </reporter-output>
        </test-method> <!-- MasterofArtsJournalismandMasscommunication -->
        <test-method is-config="true" signature="CloseBrowser(org.testng.ITestResult)[pri:0, instance:Amity.Online2.Module2_FunctionalTesting@126253fd]" started-at="2024-10-16T00:34:17 IST" name="CloseBrowser" finished-at="2024-10-16T00:34:17 IST" duration-ms="350" status="PASS">
          <params>
            <param index="0">
              <value>
                <![CDATA[[TestResult name=MasterofArtsJournalismandMasscommunication status=SUCCESS method=Module2_FunctionalTesting.MasterofArtsJournalismandMasscommunication()[pri:26, instance:Amity.Online2.Module2_FunctionalTesting@126253fd] output={null}]]]>
              </value>
            </param>
          </params>
          <reporter-output>
          </reporter-output>
        </test-method> <!-- CloseBrowser -->
        <test-method is-config="true" signature="LaunchBrowser()[pri:0, instance:Amity.Online2.Module2_FunctionalTesting@126253fd]" started-at="2024-10-16T00:34:17 IST" name="LaunchBrowser" finished-at="2024-10-16T00:34:20 IST" duration-ms="3081" status="PASS">
          <reporter-output>
          </reporter-output>
        </test-method> <!-- LaunchBrowser -->
        <test-method signature="MComwithspecializationinFintech()[pri:27, instance:Amity.Online2.Module2_FunctionalTesting@126253fd]" started-at="2024-10-16T00:34:20 IST" name="MComwithspecializationinFintech" finished-at="2024-10-16T00:34:29 IST" duration-ms="8793" status="PASS">
          <reporter-output>
          </reporter-output>
        </test-method> <!-- MComwithspecializationinFintech -->
        <test-method is-config="true" signature="CloseBrowser(org.testng.ITestResult)[pri:0, instance:Amity.Online2.Module2_FunctionalTesting@126253fd]" started-at="2024-10-16T00:34:29 IST" name="CloseBrowser" finished-at="2024-10-16T00:34:29 IST" duration-ms="372" status="PASS">
          <params>
            <param index="0">
              <value>
                <![CDATA[[TestResult name=MComwithspecializationinFintech status=SUCCESS method=Module2_FunctionalTesting.MComwithspecializationinFintech()[pri:27, instance:Amity.Online2.Module2_FunctionalTesting@126253fd] output={null}]]]>
              </value>
            </param>
          </params>
          <reporter-output>
          </reporter-output>
        </test-method> <!-- CloseBrowser -->
        <test-method is-config="true" signature="LaunchBrowser()[pri:0, instance:Amity.Online2.Module2_FunctionalTesting@126253fd]" started-at="2024-10-16T00:34:29 IST" name="LaunchBrowser" finished-at="2024-10-16T00:34:33 IST" duration-ms="3332" status="PASS">
          <reporter-output>
          </reporter-output>
        </test-method> <!-- LaunchBrowser -->
        <test-method signature="MComwithspecializationinFinancialManagement()[pri:28, instance:Amity.Online2.Module2_FunctionalTesting@126253fd]" started-at="2024-10-16T00:34:33 IST" name="MComwithspecializationinFinancialManagement" finished-at="2024-10-16T00:34:41 IST" duration-ms="8140" status="PASS">
          <reporter-output>
          </reporter-output>
        </test-method> <!-- MComwithspecializationinFinancialManagement -->
        <test-method is-config="true" signature="CloseBrowser(org.testng.ITestResult)[pri:0, instance:Amity.Online2.Module2_FunctionalTesting@126253fd]" started-at="2024-10-16T00:34:41 IST" name="CloseBrowser" finished-at="2024-10-16T00:34:41 IST" duration-ms="400" status="PASS">
          <params>
            <param index="0">
              <value>
                <![CDATA[[TestResult name=MComwithspecializationinFinancialManagement status=SUCCESS method=Module2_FunctionalTesting.MComwithspecializationinFinancialManagement()[pri:28, instance:Amity.Online2.Module2_FunctionalTesting@126253fd] output={null}]]]>
              </value>
            </param>
          </params>
          <reporter-output>
          </reporter-output>
        </test-method> <!-- CloseBrowser -->
        <test-method is-config="true" signature="LaunchBrowser()[pri:0, instance:Amity.Online2.Module2_FunctionalTesting@126253fd]" started-at="2024-10-16T00:34:41 IST" name="LaunchBrowser" finished-at="2024-10-16T00:34:50 IST" duration-ms="8531" status="PASS">
          <reporter-output>
          </reporter-output>
        </test-method> <!-- LaunchBrowser -->
        <test-method signature="MasterofArtsinPublicPolicyandGovernance()[pri:29, instance:Amity.Online2.Module2_FunctionalTesting@126253fd]" started-at="2024-10-16T00:34:50 IST" name="MasterofArtsinPublicPolicyandGovernance" finished-at="2024-10-16T00:34:55 IST" duration-ms="5706" status="PASS">
          <reporter-output>
          </reporter-output>
        </test-method> <!-- MasterofArtsinPublicPolicyandGovernance -->
        <test-method is-config="true" signature="CloseBrowser(org.testng.ITestResult)[pri:0, instance:Amity.Online2.Module2_FunctionalTesting@126253fd]" started-at="2024-10-16T00:34:55 IST" name="CloseBrowser" finished-at="2024-10-16T00:34:56 IST" duration-ms="409" status="PASS">
          <params>
            <param index="0">
              <value>
                <![CDATA[[TestResult name=MasterofArtsinPublicPolicyandGovernance status=SUCCESS method=Module2_FunctionalTesting.MasterofArtsinPublicPolicyandGovernance()[pri:29, instance:Amity.Online2.Module2_FunctionalTesting@126253fd] output={null}]]]>
              </value>
            </param>
          </params>
          <reporter-output>
          </reporter-output>
        </test-method> <!-- CloseBrowser -->
        <test-method is-config="true" signature="LaunchBrowser()[pri:0, instance:Amity.Online2.Module2_FunctionalTesting@126253fd]" started-at="2024-10-16T00:34:56 IST" name="LaunchBrowser" finished-at="2024-10-16T00:35:03 IST" duration-ms="7507" status="PASS">
          <reporter-output>
          </reporter-output>
        </test-method> <!-- LaunchBrowser -->
        <test-method signature="MasterofArtsinPsychology()[pri:30, instance:Amity.Online2.Module2_FunctionalTesting@126253fd]" started-at="2024-10-16T00:35:03 IST" name="MasterofArtsinPsychology" finished-at="2024-10-16T00:35:09 IST" duration-ms="5467" status="PASS">
          <reporter-output>
          </reporter-output>
        </test-method> <!-- MasterofArtsinPsychology -->
        <test-method is-config="true" signature="CloseBrowser(org.testng.ITestResult)[pri:0, instance:Amity.Online2.Module2_FunctionalTesting@126253fd]" started-at="2024-10-16T00:35:09 IST" name="CloseBrowser" finished-at="2024-10-16T00:35:09 IST" duration-ms="401" status="PASS">
          <params>
            <param index="0">
              <value>
                <![CDATA[[TestResult name=MasterofArtsinPsychology status=SUCCESS method=Module2_FunctionalTesting.MasterofArtsinPsychology()[pri:30, instance:Amity.Online2.Module2_FunctionalTesting@126253fd] output={null}]]]>
              </value>
            </param>
          </params>
          <reporter-output>
          </reporter-output>
        </test-method> <!-- CloseBrowser -->
        <test-method is-config="true" signature="LaunchBrowser()[pri:0, instance:Amity.Online2.Module2_FunctionalTesting@126253fd]" started-at="2024-10-16T00:35:09 IST" name="LaunchBrowser" finished-at="2024-10-16T00:35:13 IST" duration-ms="3764" status="PASS">
          <reporter-output>
          </reporter-output>
        </test-method> <!-- LaunchBrowser -->
        <test-method signature="MasterofScienceinDataScience()[pri:31, instance:Amity.Online2.Module2_FunctionalTesting@126253fd]" started-at="2024-10-16T00:35:13 IST" name="MasterofScienceinDataScience" finished-at="2024-10-16T00:35:19 IST" duration-ms="5982" status="PASS">
          <reporter-output>
          </reporter-output>
        </test-method> <!-- MasterofScienceinDataScience -->
        <test-method is-config="true" signature="CloseBrowser(org.testng.ITestResult)[pri:0, instance:Amity.Online2.Module2_FunctionalTesting@126253fd]" started-at="2024-10-16T00:35:19 IST" name="CloseBrowser" finished-at="2024-10-16T00:35:20 IST" duration-ms="1183" status="PASS">
          <params>
            <param index="0">
              <value>
                <![CDATA[[TestResult name=MasterofScienceinDataScience status=SUCCESS method=Module2_FunctionalTesting.MasterofScienceinDataScience()[pri:31, instance:Amity.Online2.Module2_FunctionalTesting@126253fd] output={null}]]]>
              </value>
            </param>
          </params>
          <reporter-output>
          </reporter-output>
        </test-method> <!-- CloseBrowser -->
        <test-method is-config="true" signature="LaunchBrowser()[pri:0, instance:Amity.Online2.Module2_FunctionalTesting@126253fd]" started-at="2024-10-16T00:35:20 IST" name="LaunchBrowser" finished-at="2024-10-16T00:35:28 IST" duration-ms="8089" status="PASS">
          <reporter-output>
          </reporter-output>
        </test-method> <!-- LaunchBrowser -->
        <test-method signature="PrintprogramsList()[pri:32, instance:Amity.Online2.Module2_FunctionalTesting@126253fd]" started-at="2024-10-16T00:35:28 IST" name="PrintprogramsList" finished-at="2024-10-16T00:35:35 IST" duration-ms="6901" status="PASS">
          <reporter-output>
          </reporter-output>
        </test-method> <!-- PrintprogramsList -->
        <test-method is-config="true" signature="CloseBrowser(org.testng.ITestResult)[pri:0, instance:Amity.Online2.Module2_FunctionalTesting@126253fd]" started-at="2024-10-16T00:35:35 IST" name="CloseBrowser" finished-at="2024-10-16T00:35:36 IST" duration-ms="1278" status="PASS">
          <params>
            <param index="0">
              <value>
                <![CDATA[[TestResult name=PrintprogramsList status=SUCCESS method=Module2_FunctionalTesting.PrintprogramsList()[pri:32, instance:Amity.Online2.Module2_FunctionalTesting@126253fd] output={null}]]]>
              </value>
            </param>
          </params>
          <reporter-output>
          </reporter-output>
        </test-method> <!-- CloseBrowser -->
        <test-method is-config="true" signature="CloseReport()[pri:0, instance:Amity.Online2.Module2_FunctionalTesting@126253fd]" started-at="2024-10-16T00:35:36 IST" name="CloseReport" finished-at="2024-10-16T00:35:37 IST" duration-ms="479" status="PASS">
          <reporter-output>
          </reporter-output>
        </test-method> <!-- CloseReport -->
      </class> <!-- Amity.Online2.Module2_FunctionalTesting -->
    </test> <!-- Default test -->
  </suite> <!-- Default suite -->
</testng-results>
